Analysis & Synthesis report for memoria
Mon Apr 22 13:48:07 2024
Quartus Prime Version 18.0.0 Build 614 04/24/2018 SJ Lite Edition


---------------------
; Table of Contents ;
---------------------
  1. Legal Notice
  2. Analysis & Synthesis Summary
  3. Analysis & Synthesis Settings
  4. Parallel Compilation
  5. Analysis & Synthesis Source Files Read
  6. Analysis & Synthesis Resource Usage Summary
  7. Analysis & Synthesis Resource Utilization by Entity
  8. Registers Removed During Synthesis
  9. General Register Statistics
 10. Multiplexer Restructuring Statistics (Restructuring Performed)
 11. Analysis & Synthesis Messages



----------------
; Legal Notice ;
----------------
Copyright (C) 2018  Intel Corporation. All rights reserved.
Your use of Intel Corporation's design tools, logic functions 
and other software and tools, and its AMPP partner logic 
functions, and any output files from any of the foregoing 
(including device programming or simulation files), and any 
associated documentation or information are expressly subject 
to the terms and conditions of the Intel Program License 
Subscription Agreement, the Intel Quartus Prime License Agreement,
the Intel FPGA IP License Agreement, or other applicable license
agreement, including, without limitation, that your use is for
the sole purpose of programming logic devices manufactured by
Intel and sold by Intel or its authorized distributors.  Please
refer to the applicable agreement for further details.



+---------------------------------------------------------------------------+
; Analysis & Synthesis Summary                                              ;
+-----------------------------+---------------------------------------------+
; Analysis & Synthesis Status ; Successful - Mon Apr 22 13:48:07 2024       ;
; Quartus Prime Version       ; 18.0.0 Build 614 04/24/2018 SJ Lite Edition ;
; Revision Name               ; memoria                                     ;
; Top-level Entity Name       ; memoria                                     ;
; Family                      ; MAX II                                      ;
; Total logic elements        ; 1,662                                       ;
; Total pins                  ; 283                                         ;
; Total virtual pins          ; 0                                           ;
; UFM blocks                  ; 0 / 1 ( 0 % )                               ;
+-----------------------------+---------------------------------------------+


+------------------------------------------------------------------------------------------------------------+
; Analysis & Synthesis Settings                                                                              ;
+------------------------------------------------------------------+--------------------+--------------------+
; Option                                                           ; Setting            ; Default Value      ;
+------------------------------------------------------------------+--------------------+--------------------+
; Top-level entity name                                            ; memoria            ; memoria            ;
; Family name                                                      ; MAX II             ; Cyclone V          ;
; Use smart compilation                                            ; Off                ; Off                ;
; Enable parallel Assembler and Timing Analyzer during compilation ; On                 ; On                 ;
; Enable compact report table                                      ; Off                ; Off                ;
; Restructure Multiplexers                                         ; Auto               ; Auto               ;
; Create Debugging Nodes for IP Cores                              ; Off                ; Off                ;
; Preserve fewer node names                                        ; On                 ; On                 ;
; Intel FPGA IP Evaluation Mode                                    ; Enable             ; Enable             ;
; Verilog Version                                                  ; Verilog_2001       ; Verilog_2001       ;
; VHDL Version                                                     ; VHDL_1993          ; VHDL_1993          ;
; State Machine Processing                                         ; Auto               ; Auto               ;
; Safe State Machine                                               ; Off                ; Off                ;
; Extract Verilog State Machines                                   ; On                 ; On                 ;
; Extract VHDL State Machines                                      ; On                 ; On                 ;
; Ignore Verilog initial constructs                                ; Off                ; Off                ;
; Iteration limit for constant Verilog loops                       ; 5000               ; 5000               ;
; Iteration limit for non-constant Verilog loops                   ; 250                ; 250                ;
; Add Pass-Through Logic to Inferred RAMs                          ; On                 ; On                 ;
; Infer RAMs from Raw Logic                                        ; On                 ; On                 ;
; Parallel Synthesis                                               ; On                 ; On                 ;
; NOT Gate Push-Back                                               ; On                 ; On                 ;
; Power-Up Don't Care                                              ; On                 ; On                 ;
; Remove Redundant Logic Cells                                     ; Off                ; Off                ;
; Remove Duplicate Registers                                       ; On                 ; On                 ;
; Ignore CARRY Buffers                                             ; Off                ; Off                ;
; Ignore CASCADE Buffers                                           ; Off                ; Off                ;
; Ignore GLOBAL Buffers                                            ; Off                ; Off                ;
; Ignore ROW GLOBAL Buffers                                        ; Off                ; Off                ;
; Ignore LCELL Buffers                                             ; Off                ; Off                ;
; Ignore SOFT Buffers                                              ; On                 ; On                 ;
; Limit AHDL Integers to 32 Bits                                   ; Off                ; Off                ;
; Optimization Technique                                           ; Balanced           ; Balanced           ;
; Carry Chain Length                                               ; 70                 ; 70                 ;
; Auto Carry Chains                                                ; On                 ; On                 ;
; Auto Open-Drain Pins                                             ; On                 ; On                 ;
; Perform WYSIWYG Primitive Resynthesis                            ; Off                ; Off                ;
; Auto Shift Register Replacement                                  ; Auto               ; Auto               ;
; Allow Shift Register Merging across Hierarchies                  ; Auto               ; Auto               ;
; Auto Clock Enable Replacement                                    ; On                 ; On                 ;
; Allow Synchronous Control Signals                                ; On                 ; On                 ;
; Force Use of Synchronous Clear Signals                           ; Off                ; Off                ;
; Auto Resource Sharing                                            ; Off                ; Off                ;
; Use LogicLock Constraints during Resource Balancing              ; On                 ; On                 ;
; Ignore translate_off and synthesis_off directives                ; Off                ; Off                ;
; Report Parameter Settings                                        ; On                 ; On                 ;
; Report Source Assignments                                        ; On                 ; On                 ;
; Report Connectivity Checks                                       ; On                 ; On                 ;
; Ignore Maximum Fan-Out Assignments                               ; Off                ; Off                ;
; Synchronization Register Chain Length                            ; 2                  ; 2                  ;
; Power Optimization During Synthesis                              ; Normal compilation ; Normal compilation ;
; HDL message level                                                ; Level2             ; Level2             ;
; Suppress Register Optimization Related Messages                  ; Off                ; Off                ;
; Number of Removed Registers Reported in Synthesis Report         ; 5000               ; 5000               ;
; Number of Swept Nodes Reported in Synthesis Report               ; 5000               ; 5000               ;
; Number of Inverted Registers Reported in Synthesis Report        ; 100                ; 100                ;
; Clock MUX Protection                                             ; On                 ; On                 ;
; Block Design Naming                                              ; Auto               ; Auto               ;
; Synthesis Effort                                                 ; Auto               ; Auto               ;
; Shift Register Replacement - Allow Asynchronous Clear Signal     ; On                 ; On                 ;
; Analysis & Synthesis Message Level                               ; Medium             ; Medium             ;
; Disable Register Merging Across Hierarchies                      ; Auto               ; Auto               ;
+------------------------------------------------------------------+--------------------+--------------------+


+------------------------------------------+
; Parallel Compilation                     ;
+----------------------------+-------------+
; Processors                 ; Number      ;
+----------------------------+-------------+
; Number detected on machine ; 12          ;
; Maximum allowed            ; 6           ;
;                            ;             ;
; Average used               ; 1.00        ;
; Maximum used               ; 1           ;
;                            ;             ;
; Usage by Processor         ; % Time Used ;
;     Processor 1            ; 100.0%      ;
+----------------------------+-------------+


+---------------------------------------------------------------------------------------------------------------------------------------------------+
; Analysis & Synthesis Source Files Read                                                                                                            ;
+--------------------------------------+-----------------+-----------------+--------------------------------------------------------------+---------+
; File Name with User-Entered Path     ; Used in Netlist ; File Type       ; File Name with Absolute Path                                 ; Library ;
+--------------------------------------+-----------------+-----------------+--------------------------------------------------------------+---------+
; ../puertos_salida/puertos_salida.vhd ; yes             ; User VHDL File  ; C:/TE2003B/Procesador8Bits/puertos_salida/puertos_salida.vhd ;         ;
; ../mem_programa/mem_programa.vhd     ; yes             ; User VHDL File  ; C:/TE2003B/Procesador8Bits/mem_programa/mem_programa.vhd     ;         ;
; ../mem_datos/mem_datos.vhd           ; yes             ; User VHDL File  ; C:/TE2003B/Procesador8Bits/mem_datos/mem_datos.vhd           ;         ;
; memoria.vhd                          ; yes             ; User VHDL File  ; C:/TE2003B/Procesador8Bits/memoria/memoria.vhd               ;         ;
+--------------------------------------+-----------------+-----------------+--------------------------------------------------------------+---------+


+-----------------------------------------------------+
; Analysis & Synthesis Resource Usage Summary         ;
+---------------------------------------------+-------+
; Resource                                    ; Usage ;
+---------------------------------------------+-------+
; Total logic elements                        ; 1662  ;
;     -- Combinational with no register       ; 752   ;
;     -- Register only                        ; 897   ;
;     -- Combinational with a register        ; 13    ;
;                                             ;       ;
; Logic element usage by number of LUT inputs ;       ;
;     -- 4 input functions                    ; 745   ;
;     -- 3 input functions                    ; 12    ;
;     -- 2 input functions                    ; 8     ;
;     -- 1 input functions                    ; 0     ;
;     -- 0 input functions                    ; 0     ;
;                                             ;       ;
; Logic elements by mode                      ;       ;
;     -- normal mode                          ; 1662  ;
;     -- arithmetic mode                      ; 0     ;
;     -- qfbk mode                            ; 0     ;
;     -- register cascade mode                ; 0     ;
;     -- synchronous clear/load mode          ; 0     ;
;     -- asynchronous clear/load mode         ; 128   ;
;                                             ;       ;
; Total registers                             ; 910   ;
; I/O pins                                    ; 283   ;
; Maximum fan-out node                        ; CLK   ;
; Maximum fan-out                             ; 910   ;
; Total fan-out                               ; 6007  ;
; Average fan-out                             ; 3.09  ;
+---------------------------------------------+-------+


+----------------------------------------------------------------------------------------------------------------------------------------------------------------------------------------------------------------------------------------------------+
; Analysis & Synthesis Resource Utilization by Entity                                                                                                                                                                                                ;
+-----------------------------+-------------+--------------+------------+------+--------------+--------------+-------------------+------------------+-----------------+------------+---------------------------------+----------------+--------------+
; Compilation Hierarchy Node  ; Logic Cells ; LC Registers ; UFM Blocks ; Pins ; Virtual Pins ; LUT-Only LCs ; Register-Only LCs ; LUT/Register LCs ; Carry Chain LCs ; Packed LCs ; Full Hierarchy Name             ; Entity Name    ; Library Name ;
+-----------------------------+-------------+--------------+------------+------+--------------+--------------+-------------------+------------------+-----------------+------------+---------------------------------+----------------+--------------+
; |memoria                    ; 1662 (107)  ; 910          ; 0          ; 283  ; 0            ; 752 (107)    ; 897 (0)           ; 13 (0)           ; 0 (0)           ; 0 (0)      ; |memoria                        ; memoria        ; work         ;
;    |mem_datos:mem_dato|     ; 1392 (1392) ; 776          ; 0          ; 0    ; 0            ; 616 (616)    ; 768 (768)         ; 8 (8)            ; 0 (0)           ; 0 (0)      ; |memoria|mem_datos:mem_dato     ; mem_datos      ; work         ;
;    |mem_programa:mem_prog|  ; 11 (11)     ; 6            ; 0          ; 0    ; 0            ; 5 (5)        ; 1 (1)             ; 5 (5)            ; 0 (0)           ; 0 (0)      ; |memoria|mem_programa:mem_prog  ; mem_programa   ; work         ;
;    |puertos_salida:puertos| ; 152 (152)   ; 128          ; 0          ; 0    ; 0            ; 24 (24)      ; 128 (128)         ; 0 (0)            ; 0 (0)           ; 0 (0)      ; |memoria|puertos_salida:puertos ; puertos_salida ; work         ;
+-----------------------------+-------------+--------------+------------+------+--------------+--------------+-------------------+------------------+-----------------+------------+---------------------------------+----------------+--------------+
Note: For table entries with two numbers listed, the numbers in parentheses indicate the number of resources of the given type used by the specific entity alone. The numbers listed outside of parentheses indicate the total resources of the given type used by the specific entity and all of its sub-entities in the hierarchy.


+---------------------------------------------------------------------------------------+
; Registers Removed During Synthesis                                                    ;
+---------------------------------------+-----------------------------------------------+
; Register name                         ; Reason for Removal                            ;
+---------------------------------------+-----------------------------------------------+
; mem_programa:mem_prog|data_out[2,4]   ; Merged with mem_programa:mem_prog|data_out[1] ;
; Total Number of Removed Registers = 2 ;                                               ;
+---------------------------------------+-----------------------------------------------+


+------------------------------------------------------+
; General Register Statistics                          ;
+----------------------------------------------+-------+
; Statistic                                    ; Value ;
+----------------------------------------------+-------+
; Total registers                              ; 910   ;
; Number of registers using Synchronous Clear  ; 0     ;
; Number of registers using Synchronous Load   ; 0     ;
; Number of registers using Asynchronous Clear ; 128   ;
; Number of registers using Asynchronous Load  ; 0     ;
; Number of registers using Clock Enable       ; 904   ;
; Number of registers using Preset             ; 0     ;
+----------------------------------------------+-------+


+------------------------------------------------------------------------------------------------------------------------------------------+
; Multiplexer Restructuring Statistics (Restructuring Performed)                                                                           ;
+--------------------+-----------+---------------+----------------------+------------------------+------------+----------------------------+
; Multiplexer Inputs ; Bus Width ; Baseline Area ; Area if Restructured ; Saving if Restructured ; Registered ; Example Multiplexer Output ;
+--------------------+-----------+---------------+----------------------+------------------------+------------+----------------------------+
; 20:1               ; 8 bits    ; 104 LEs       ; 96 LEs               ; 8 LEs                  ; No         ; |memoria|data_out          ;
+--------------------+-----------+---------------+----------------------+------------------------+------------+----------------------------+


+-------------------------------+
; Analysis & Synthesis Messages ;
+-------------------------------+
Info: *******************************************************************
Info: Running Quartus Prime Analysis & Synthesis
    Info: Version 18.0.0 Build 614 04/24/2018 SJ Lite Edition
    Info: Processing started: Mon Apr 22 13:47:55 2024
Info: Command: quartus_map --read_settings_files=on --write_settings_files=off memoria -c memoria
Warning (18236): Number of processors has not been specified which may cause overloading on shared machines.  Set the global assignment NUM_PARALLEL_PROCESSORS in your QSF to an appropriate value for best performance.
Info (20030): Parallel compilation is enabled and will use 6 of the 6 processors detected
Info (12021): Found 2 design units, including 1 entities, in source file /te2003b/procesador8bits/puertos_salida/puertos_salida.vhd
    Info (12022): Found design unit 1: puertos_salida-arc File: C:/TE2003B/Procesador8Bits/puertos_salida/puertos_salida.vhd Line: 23
    Info (12023): Found entity 1: puertos_salida File: C:/TE2003B/Procesador8Bits/puertos_salida/puertos_salida.vhd Line: 12
Info (12021): Found 2 design units, including 1 entities, in source file /te2003b/procesador8bits/mem_programa/mem_programa.vhd
    Info (12022): Found design unit 1: mem_programa-arc File: C:/TE2003B/Procesador8Bits/mem_programa/mem_programa.vhd Line: 19
    Info (12023): Found entity 1: mem_programa File: C:/TE2003B/Procesador8Bits/mem_programa/mem_programa.vhd Line: 12
Info (12021): Found 2 design units, including 1 entities, in source file /te2003b/procesador8bits/mem_datos/mem_datos.vhd
    Info (12022): Found design unit 1: mem_datos-arc File: C:/TE2003B/Procesador8Bits/mem_datos/mem_datos.vhd Line: 20
    Info (12023): Found entity 1: mem_datos File: C:/TE2003B/Procesador8Bits/mem_datos/mem_datos.vhd Line: 12
Info (12021): Found 2 design units, including 1 entities, in source file memoria.vhd
    Info (12022): Found design unit 1: memoria-arc File: C:/TE2003B/Procesador8Bits/memoria/memoria.vhd Line: 26
    Info (12023): Found entity 1: memoria File: C:/TE2003B/Procesador8Bits/memoria/memoria.vhd Line: 10
Info (12127): Elaborating entity "memoria" for the top level hierarchy
Info (12128): Elaborating entity "mem_programa" for hierarchy "mem_programa:mem_prog" File: C:/TE2003B/Procesador8Bits/memoria/memoria.vhd Line: 68
Info (12128): Elaborating entity "mem_datos" for hierarchy "mem_datos:mem_dato" File: C:/TE2003B/Procesador8Bits/memoria/memoria.vhd Line: 69
Info (12128): Elaborating entity "puertos_salida" for hierarchy "puertos_salida:puertos" File: C:/TE2003B/Procesador8Bits/memoria/memoria.vhd Line: 70
Warning (113028): 32 out of 128 addresses are uninitialized. The Quartus Prime software will initialize them to "0". There are 1 warnings found, and 1 warnings are reported. File: C:/TE2003B/Procesador8Bits/memoria/db/memoria.ram0_mem_datos_b0539313.hdl.mif Line: 1
    Warning (113027): Addresses ranging from 96 to 127 are not initialized File: C:/TE2003B/Procesador8Bits/memoria/db/memoria.ram0_mem_datos_b0539313.hdl.mif Line: 1
Info (21057): Implemented 1945 device resources after synthesis - the final resource count might be different
    Info (21058): Implemented 147 input pins
    Info (21059): Implemented 136 output pins
    Info (21061): Implemented 1662 logic cells
Info: Quartus Prime Analysis & Synthesis was successful. 0 errors, 3 warnings
    Info: Peak virtual memory: 4762 megabytes
    Info: Processing ended: Mon Apr 22 13:48:07 2024
    Info: Elapsed time: 00:00:12
    Info: Total CPU time (on all processors): 00:00:24


